Arguments: 
  C:\Program Files\nodejs\node.exe C:\Users\asus\AppData\Roaming\npm\node_modules\yarn\bin\yarn.js

PATH: 
  C:\WINDOWS\system32;C:\WINDOWS;C:\WINDOWS\System32\Wbem;C:\WINDOWS\System32\WindowsPowerShell\v1.0\;C:\WINDOWS\System32\OpenSSH\;C:\Program Files\Git\cmd;C:\Program Files\TortoiseGit\bin;C:\Users\asus\AppData\Roaming\nvm;C:\Program Files\nodejs;C:\Program Files (x86)\Bitvise SSH Client;C:\Users\asus\AppData\Local\Microsoft\WindowsApps;D:\soft\Microsoft VS Code\bin;C:\Users\asus\AppData\Roaming\npm;C:\Users\asus\AppData\Roaming\nvm;C:\Program Files\nodejs;C:\Users\asus\AppData\Local\Programs\Fiddler

Yarn version: 
  1.22.1

Node version: 
  15.0.1

Platform: 
  win32 x64

Trace: 
  Error: ENOENT: no such file or directory, copyfile 'C:\Users\asus\AppData\Local\Yarn\Cache\v6\npm-ms-2.0.0-5608aeadfc00be6c2901df5f9861788de0d597c8-integrity\node_modules\ms\index.js' -> 'G:\BaiduNetdiskDownload\资料\资料\demo\preview-img\node_modules\snapdragon\node_modules\ms\index.js'

npm manifest: 
  {
    "name": "preview-img-zwj",
    "version": "1.0.0",
    "description": "图片预览放大组件",
    "main": "index.js",
    "browser":"dist/index.js",
    "scripts": {
      "test": "echo \"Error: no test specified\" && exit 1",
      "build": "babel src -d lib",
      "buildrollup":"rollup --config rollup.config.js"
    },
    "author": "zwj",
    "license": "ISC",
    "devDependencies": {
      "@babel/cli": "^7.0.0",
      "@babel/core": "^7.0.0",
      "@babel/plugin-proposal-nullish-coalescing-operator": "^7.13.8",
      "@babel/plugin-proposal-optional-chaining": "^7.13.12",
      "@babel/preset-env": "^7.8.4",
      "babel-core": "7.0.0-bridge.0",
      "babel-loader": "^8.0.5",
      "babel-jest": "^23.4.2",
      "babel-preset-es2015": "^6.24.1",
      "babel-preset-es2017": "^6.24.1",
      "babel-preset-latest": "^6.24.1",
      "docdash": "^1.2.0",
      "jest": "^25.1.0",
      "minami": "^1.2.3",
      "rollup-plugin-babel": "^4.3.3",
      "rollup-plugin-node-resolve": "^5.2.0",
      "rollup-plugin-uglify": "^6.0.4"
    },
    "dependencies": {
      "@babel/core": "^7.0.0",
      "@babel/plugin-proposal-optional-chaining": "^7.13.12",
      "@babel/polyfill": "^7.8.3",
      "rollup": "^2.45.2"
    }
  }

yarn manifest: 
  No manifest

Lockfile: 
  No lockfile
